2024-07-01T22:21:15.185715+0200 INFO Début de l'enregistrement de l'utilisateur Georges
2024-07-01T22:21:15.194247+0200 INFO Fin de l'enregistrement de l'utilisateur Georges avec email georges_young@allisgood.com, mot de passe haché $2b$12$9zdMAJY9Pz/TrZXBX.cXt.fa1bTVQwlRyZ9Em3kUsX8YUhAHW2ywi et rôle 2
2024-07-01T22:21:15.194247+0200 INFO Début de l'enregistrement de l'utilisateur Tonio
2024-07-01T22:21:15.201842+0200 INFO Fin de l'enregistrement de l'utilisateur Tonio avec email tonio_warren@datascientist.dz, mot de passe haché $2b$12$tD9woFp1myVJX3ITMkBFzek2zBX37F9JgrztlMYq1n5KUtmouLzrC et rôle 2
2024-07-01T22:21:15.202346+0200 INFO Début de l'enregistrement de l'utilisateur Robert
2024-07-01T22:21:15.202346+0200 INFO Fin de l'enregistrement de l'utilisateur Robert avec email guily_robert@postspecialgoogle.net, mot de passe haché $2b$12$DATM1fEROvgc7iPhfTsf2.E5fEBwHzkkm2R5CwyrVBmBX8KRnsq.O et rôle 3
2024-07-01T22:21:15.202346+0200 INFO Début de l'enregistrement de l'utilisateur Oumar
2024-07-01T22:21:15.202346+0200 INFO Fin de l'enregistrement de l'utilisateur Oumar avec email kim_oumar@aerospace.net, mot de passe haché $2b$12$6RXC0UyYLV59V78uraPJBOAq1N08TNgw7cw/5RkXb/V0RqjZi5u3S et rôle 2
2024-07-01T22:21:15.202346+0200 INFO Début de l'enregistrement de l'utilisateur Seydou
2024-07-01T22:21:15.209953+0200 INFO Fin de l'enregistrement de l'utilisateur Seydou avec email street_113@myfriend.xyz, mot de passe haché $2b$12$ZVsforS9xyAcnt3toXhGHuPTRm2DGwPKp2PC0QfVb1F.VvMB0JfJ. et rôle 2
2024-07-01T22:21:15.210363+0200 INFO Début de l'enregistrement de l'utilisateur Ulysse
2024-07-01T22:21:15.210363+0200 INFO Fin de l'enregistrement de l'utilisateur Ulysse avec email soleil0012@betafaces.ch, mot de passe haché $2b$12$2rnOxCW3ZT2bIbO.1139H.TeRtINdXjUIshjFGvAz6u5LM2pxGNuW et rôle 3
2024-07-01T22:21:15.210363+0200 INFO Début de l'enregistrement de l'utilisateur Ahmed
2024-07-01T22:21:15.214932+0200 INFO Fin de l'enregistrement de l'utilisateur Ahmed avec email khan_ahmed@thebastofthebest.online, mot de passe haché $2b$12$ER6L1gwUZIlKxZKIbb9k8.Q2QCiyMjizk/Kpy3Ytj8XWmbWhrDPgi et rôle 1
2024-07-01T22:21:15.214932+0200 INFO Début de l'enregistrement de l'utilisateur Awa
2024-07-01T22:21:15.218034+0200 INFO Fin de l'enregistrement de l'utilisateur Awa avec email stephane_dubois@controle.gouv.fr, mot de passe haché $2b$12$KCDGYTLEa0FsqY/O7po5peGri9TK3CrUiDj6yLpYi3GEj3CMfrrZW et rôle 2
2024-07-01T22:21:15.218034+0200 INFO Début de l'enregistrement de l'utilisateur Bruce
2024-07-01T22:21:15.218034+0200 INFO Fin de l'enregistrement de l'utilisateur Bruce avec email bruce_de_nice@intelligencefaces.ch, mot de passe haché $2b$12$8IXJUFN2qfXklXTBXQ50Ce35JgaZFbi1NBpD1FGZflBU3IgqBoYri et rôle 2
2024-07-01T22:21:15.218034+0200 INFO Début de l'enregistrement de l'utilisateur Seydou
2024-07-01T22:21:15.218034+0200 INFO Fin de l'enregistrement de l'utilisateur Seydou avec email developpeur_du_13@atolcd.com, mot de passe haché $2b$12$IY2mxHVAc3ZBfjM6drzTQuAzCm8YJLC8lLwLWd.I2gTqP5gVMbXz6 et rôle 1
2024-07-01T22:21:15.218034+0200 INFO Début de l'enregistrement de l'utilisateur Maurice
2024-07-01T22:21:15.226623+0200 INFO Fin de l'enregistrement de l'utilisateur Maurice avec email maurice_gestion@chu_eden.ch, mot de passe haché $2b$12$XzJCWfmUv8.Rt8/StWCD2OxWIAItlSAi/QHzKrAQb6oZ.fbA7Ol9C et rôle 2
2024-07-01T22:21:15.226623+0200 INFO Début de l'enregistrement de l'utilisateur Yann
2024-07-01T22:21:15.226623+0200 INFO Fin de l'enregistrement de l'utilisateur Yann avec email barth_yann@schoo_infos.dev, mot de passe haché $2b$12$CbkjJw8obphqm25k2vbmS.iAzpABxQk39xrsTFBCtx9LGMc5XiKcS et rôle 3
